**********************
Windows PowerShell transcript start
Start time: 20250522122912
Username: MEDGRUPPEN\simon
RunAs User: MEDGRUPPEN\simon
Configuration Name: 
Machine: DESKTOP-5B2MDAE (Microsoft Windows NT 10.0.26100.0)
Host Application: C:\Windows\System32\WindowsPowerShell\v1.0\powershell.exe
Process ID: 7336
PSVersion: 5.1.26100.4061
PSEdition: Desktop
PSCompatibleVersions: 1.0, 2.0, 3.0, 4.0, 5.0, 5.1.26100.4061
BuildVersion: 10.0.26100.4061
CLRVersion: 4.0.30319.42000
WSManStackVersion: 3.0
PSRemotingProtocolVersion: 2.3
SerializationVersion: 1.1.0.1
**********************
Transcript started, output file is C:\wingetwingman\1.0.4\SupportFiles\logs\winget_updates_2025-05-22.log
Import-Module : The specified module 
'C:\wingetwingman\1.0.4\SupportFiles\PSAppDeployToolkit\PSAppDeployToolkit\PSAppDeployToolkit.psd1' was not loaded 
because no valid module file was found in any module directory.
At C:\wingetwingman\1.0.4\SupportFiles\update.ps1:4 char:1
+ Import-Module "$PSScriptRoot\PSAppDeployToolkit\PSAppDeployToolkit\PS ...
+ ~~~~~~~~~~~~~~~~~~~~~~~~~~~~~~~~~~~~~~~~~~~~~~~~~~~~~~~~~~~~~~~~~~~~~
    + CategoryInfo          : ResourceUnavailable: (C:\wingetwingma...loyToolkit.psd1:String) [Import-Module], 
FileNotFoundException
    + FullyQualifiedErrorId : Modules_ModuleNotFound,Microsoft.PowerShell.Commands.ImportModuleCommand
Import-Module : The specified module
'C:\wingetwingman\1.0.4\SupportFiles\PSAppDeployToolkit\PSAppDeployToolkit\PSAppDeployToolkit.psd1' was not loaded
because no valid module file was found in any module directory.
At C:\wingetwingman\1.0.4\SupportFiles\update.ps1:4 char:1
+ Import-Module "$PSScriptRoot\PSAppDeployToolkit\PSAppDeployToolkit\PS ...
+ ~~~~~~~~~~~~~~~~~~~~~~~~~~~~~~~~~~~~~~~~~~~~~~~~~~~~~~~~~~~~~~~~~~~~~
    + CategoryInfo          : ResourceUnavailable: (C:\wingetwingma...loyToolkit.psd1:String) [Import-Module], FileNot
   FoundException
    + FullyQualifiedErrorId : Modules_ModuleNotFound,Microsoft.PowerShell.Commands.ImportModuleCommand

Import-Module : The specified module 
'C:\wingetwingman\1.0.4\SupportFiles\PSAppDeployToolkit.WinGet\PSAppDeployToolkit.WinGet.psd1' was not loaded because 
no valid module file was found in any module directory.
At C:\wingetwingman\1.0.4\SupportFiles\update.ps1:5 char:1
+ Import-Module "$PSScriptRoot\PSAppDeployToolkit.WinGet\PSAppDeployToo ...
+ ~~~~~~~~~~~~~~~~~~~~~~~~~~~~~~~~~~~~~~~~~~~~~~~~~~~~~~~~~~~~~~~~~~~~~
    + CategoryInfo          : ResourceUnavailable: (C:\wingetwingma...kit.WinGet.psd1:String) [Import-Module], 
FileNotFoundException
    + FullyQualifiedErrorId : Modules_ModuleNotFound,Microsoft.PowerShell.Commands.ImportModuleCommand
Import-Module : The specified module
'C:\wingetwingman\1.0.4\SupportFiles\PSAppDeployToolkit.WinGet\PSAppDeployToolkit.WinGet.psd1' was not loaded because
no valid module file was found in any module directory.
At C:\wingetwingman\1.0.4\SupportFiles\update.ps1:5 char:1
+ Import-Module "$PSScriptRoot\PSAppDeployToolkit.WinGet\PSAppDeployToo ...
+ ~~~~~~~~~~~~~~~~~~~~~~~~~~~~~~~~~~~~~~~~~~~~~~~~~~~~~~~~~~~~~~~~~~~~~
    + CategoryInfo          : ResourceUnavailable: (C:\wingetwingma...kit.WinGet.psd1:String) [Import-Module], FileNot
   FoundException
    + FullyQualifiedErrorId : Modules_ModuleNotFound,Microsoft.PowerShell.Commands.ImportModuleCommand

Starting winget updates at 05/22/2025 12:29:12
Get-ADTRegistryKey : The term 'Get-ADTRegistryKey' is not recognized as the name of a cmdlet, function, script file, or 
operable program. Check the spelling of the name, or if a path was included, verify that the path is correct and try 
again.
At C:\wingetwingman\1.0.4\SupportFiles\update.ps1:9 char:19
+ $registryValues = Get-ADTRegistryKey -Key "HKLM:\SOFTWARE\WingetWingm ...
+                   ~~~~~~~~~~~~~~~~~~
    + CategoryInfo          : ObjectNotFound: (Get-ADTRegistryKey:String) [], CommandNotFoundException
    + FullyQualifiedErrorId : CommandNotFoundException
Get-ADTRegistryKey : The term 'Get-ADTRegistryKey' is not recognized as the name of a cmdlet, function, script file,
or operable program. Check the spelling of the name, or if a path was included, verify that the path is correct and
try again.
At C:\wingetwingman\1.0.4\SupportFiles\update.ps1:9 char:19
+ $registryValues = Get-ADTRegistryKey -Key "HKLM:\SOFTWARE\WingetWingm ...
+                   ~~~~~~~~~~~~~~~~~~
    + CategoryInfo          : ObjectNotFound: (Get-ADTRegistryKey:String) [], CommandNotFoundException
    + FullyQualifiedErrorId : CommandNotFoundException

C:\wingetwingman\1.0.4\SupportFiles\update.ps1 : Registry key not found at HKLM:\SOFTWARE\WingetWingman\AutoUpdate
At line:1 char:1
+ .\update.ps1
+ ~~~~~~~~~~~~
    + CategoryInfo          : NotSpecified: (:) [Write-Error], WriteErrorException
    + FullyQualifiedErrorId : Microsoft.PowerShell.Commands.WriteErrorException,update.ps1
C:\wingetwingman\1.0.4\SupportFiles\update.ps1 : Registry key not found at HKLM:\SOFTWARE\WingetWingman\AutoUpdate
At line:1 char:1
+ .\update.ps1
+ ~~~~~~~~~~~~
    + CategoryInfo          : NotSpecified: (:) [Write-Error], WriteErrorException
    + FullyQualifiedErrorId : Microsoft.PowerShell.Commands.WriteErrorException,update.ps1

**********************
Windows PowerShell transcript end
End time: 20250522122912
**********************
